<?xml version="1.0" encoding="UTF-8" ?>
<testsuite tests="17" failures="0" name="test.ac.vuw.swen301.a1.MemAppenderTest" time="1.524" errors="0" skipped="0">
  <properties>
    <property name="java.runtime.name" value="OpenJDK Runtime Environment"/>
    <property name="java.vm.version" value="11.0.7+10-post-Ubuntu-2ubuntu218.04"/>
    <property name="sun.boot.library.path" value="/usr/lib/jvm/java-11-openjdk-amd64/lib"/>
    <property name="maven.multiModuleProjectDirectory" value="/home/isaac/Coding/UNI/Swen301/swen301_a1_readisaa/a1-readisaa"/>
    <property name="java.vm.vendor" value="Ubuntu"/>
    <property name="java.vendor.url" value="https://ubuntu.com/"/>
    <property name="guice.disable.misplaced.annotation.check" value="true"/>
    <property name="path.separator" value=":"/>
    <property name="java.vm.name" value="OpenJDK 64-Bit Server VM"/>
    <property name="sun.os.patch.level" value="unknown"/>
    <property name="user.country" value="NZ"/>
    <property name="sun.java.launcher" value="SUN_STANDARD"/>
    <property name="java.vm.specification.name" value="Java Virtual Machine Specification"/>
    <property name="user.dir" value="/home/isaac/Coding/UNI/Swen301/swen301_a1_readisaa/a1-readisaa"/>
    <property name="java.vm.compressedOopsMode" value="32-bit"/>
    <property name="java.runtime.version" value="11.0.7+10-post-Ubuntu-2ubuntu218.04"/>
    <property name="java.awt.graphicsenv" value="sun.awt.X11GraphicsEnvironment"/>
    <property name="os.arch" value="amd64"/>
    <property name="java.io.tmpdir" value="/tmp"/>
    <property name="line.separator" value="
"/>
    <property name="java.vm.specification.vendor" value="Oracle Corporation"/>
    <property name="os.name" value="Linux"/>
    <property name="classworlds.conf" value="/usr/share/maven/bin/m2.conf"/>
    <property name="sun.jnu.encoding" value="UTF-8"/>
    <property name="java.library.path" value="/usr/java/packages/lib:/usr/lib/x86_64-linux-gnu/jni:/lib/x86_64-linux-gnu:/usr/lib/x86_64-linux-gnu:/usr/lib/jni:/lib:/usr/lib"/>
    <property name="maven.conf" value="/usr/share/maven/conf"/>
    <property name="jdk.debug" value="release"/>
    <property name="java.class.version" value="55.0"/>
    <property name="java.specification.name" value="Java Platform API Specification"/>
    <property name="sun.management.compiler" value="HotSpot 64-Bit Tiered Compilers"/>
    <property name="os.version" value="5.3.0-51-generic"/>
    <property name="library.jansi.path" value="/usr/share/maven/lib/jansi-native"/>
    <property name="user.home" value="/home/isaac"/>
    <property name="user.timezone" value="Pacific/Auckland"/>
    <property name="java.awt.printerjob" value="sun.print.PSPrinterJob"/>
    <property name="file.encoding" value="UTF-8"/>
    <property name="java.specification.version" value="11"/>
    <property name="user.name" value="isaac"/>
    <property name="java.class.path" value="/usr/share/maven/boot/plexus-classworlds-2.x.jar"/>
    <property name="java.vm.specification.version" value="11"/>
    <property name="sun.arch.data.model" value="64"/>
    <property name="sun.java.command" value="org.codehaus.plexus.classworlds.launcher.Launcher test"/>
    <property name="java.home" value="/usr/lib/jvm/java-11-openjdk-amd64"/>
    <property name="user.language" value="en"/>
    <property name="java.specification.vendor" value="Oracle Corporation"/>
    <property name="awt.toolkit" value="sun.awt.X11.XToolkit"/>
    <property name="java.vm.info" value="mixed mode, sharing"/>
    <property name="java.version" value="11.0.7"/>
    <property name="securerandom.source" value="file:/dev/./urandom"/>
    <property name="java.vendor" value="Ubuntu"/>
    <property name="maven.home" value="/usr/share/maven"/>
    <property name="file.separator" value="/"/>
    <property name="java.version.date" value="2020-04-14"/>
    <property name="java.vendor.url.bug" value="https://bugs.launchpad.net/ubuntu/+source/openjdk-lts"/>
    <property name="sun.io.unicode.encoding" value="UnicodeLittle"/>
    <property name="sun.cpu.endian" value="little"/>
    <property name="sun.desktop" value="gnome"/>
    <property name="sun.cpu.isalist" value=""/>
  </properties>
  <testcase classname="test.ac.vuw.swen301.a1.MemAppenderTest" name="getLogCount_accurate" time="1.062"/>
  <testcase classname="test.ac.vuw.swen301.a1.MemAppenderTest" name="getCurrentLogs_is_unremovable" time="0.122"/>
  <testcase classname="test.ac.vuw.swen301.a1.MemAppenderTest" name="getCurrentLogs_is_unaddable" time="0.01"/>
  <testcase classname="test.ac.vuw.swen301.a1.MemAppenderTest" name="change_name" time="0"/>
  <testcase classname="test.ac.vuw.swen301.a1.MemAppenderTest" name="maxSize_removes_oldest_1" time="0.024"/>
  <testcase classname="test.ac.vuw.swen301.a1.MemAppenderTest" name="maxSize_removes_oldest_2" time="0"/>
  <testcase classname="test.ac.vuw.swen301.a1.MemAppenderTest" name="maxSize_removes_oldest_3" time="0.161"/>
  <testcase classname="test.ac.vuw.swen301.a1.MemAppenderTest" name="getLogs_returns_accurate_string_array" time="0.064"/>
  <testcase classname="test.ac.vuw.swen301.a1.MemAppenderTest" name="getCurrentLogs_natural_logs_1" time="0.008"/>
  <testcase classname="test.ac.vuw.swen301.a1.MemAppenderTest" name="add_logs_test" time="0.014"/>
  <testcase classname="test.ac.vuw.swen301.a1.MemAppenderTest" name="getCurrentLogs_is_uncastable" time="0.002"/>
  <testcase classname="test.ac.vuw.swen301.a1.MemAppenderTest" name="maxSize_cant_be_negative" time="0.003"/>
  <testcase classname="test.ac.vuw.swen301.a1.MemAppenderTest" name="getDiscarded_is_accurate" time="0.001"/>
  <testcase classname="test.ac.vuw.swen301.a1.MemAppenderTest" name="maxSize_is_maintained" time="0.009"/>
  <testcase classname="test.ac.vuw.swen301.a1.MemAppenderTest" name="export_to_JSON_accurate" time="0.023"/>
  <testcase classname="test.ac.vuw.swen301.a1.MemAppenderTest" name="getCurrentLogs_artifical_logs_1" time="0.002"/>
  <testcase classname="test.ac.vuw.swen301.a1.MemAppenderTest" name="getCurrentLogs_artifical_logs_2" time="0.019"/>
</testsuite>